C:\USERS\HOON\DOCUMENTS\VISUAL STUDIO 2012\PROJECTS\CPABE\CPABE\DEBUG\BIG.OBJ
C:\USERS\HOON\DOCUMENTS\VISUAL STUDIO 2012\PROJECTS\CPABE\CPABE\DEBUG\BN_PAIR.OBJ
C:\USERS\HOON\DOCUMENTS\VISUAL STUDIO 2012\PROJECTS\CPABE\CPABE\DEBUG\ECN.OBJ
C:\USERS\HOON\DOCUMENTS\VISUAL STUDIO 2012\PROJECTS\CPABE\CPABE\DEBUG\ECN2.OBJ
C:\USERS\HOON\DOCUMENTS\VISUAL STUDIO 2012\PROJECTS\CPABE\CPABE\DEBUG\ZZN.OBJ
C:\USERS\HOON\DOCUMENTS\VISUAL STUDIO 2012\PROJECTS\CPABE\CPABE\DEBUG\ZZN12A.OBJ
C:\USERS\HOON\DOCUMENTS\VISUAL STUDIO 2012\PROJECTS\CPABE\CPABE\DEBUG\ZZN2.OBJ
C:\USERS\HOON\DOCUMENTS\VISUAL STUDIO 2012\PROJECTS\CPABE\CPABE\DEBUG\ZZN4.OBJ
C:\USERS\HOON\DOCUMENTS\VISUAL STUDIO 2012\PROJECTS\CPABE\CPABE\DEBUG\CPABE.OBJ
C:\USERS\HOON\DOCUMENTS\VISUAL STUDIO 2012\PROJECTS\CPABE\CPABE\DEBUG\STDAFX.OBJ
C:\USERS\HOON\DOCUMENTS\VISUAL STUDIO 2012\PROJECTS\CPABE\CPABE\DEBUG\VC110.PDB
C:\USERS\HOON\DOCUMENTS\VISUAL STUDIO 2012\PROJECTS\CPABE\DEBUG\CPABE.ILK
C:\USERS\HOON\DOCUMENTS\VISUAL STUDIO 2012\PROJECTS\CPABE\DEBUG\CPABE.EXE
C:\USERS\HOON\DOCUMENTS\VISUAL STUDIO 2012\PROJECTS\CPABE\DEBUG\CPABE.PDB
C:\Users\hoon\Documents\Visual Studio 2012\Projects\cpabe\cpabe\Debug\big.obj
C:\Users\hoon\Documents\Visual Studio 2012\Projects\cpabe\cpabe\Debug\bn_pair.obj
C:\Users\hoon\Documents\Visual Studio 2012\Projects\cpabe\cpabe\Debug\cpabe.obj
C:\Users\hoon\Documents\Visual Studio 2012\Projects\cpabe\cpabe\Debug\ecn.obj
C:\Users\hoon\Documents\Visual Studio 2012\Projects\cpabe\cpabe\Debug\ecn2.obj
C:\Users\hoon\Documents\Visual Studio 2012\Projects\cpabe\cpabe\Debug\stdafx.obj
C:\Users\hoon\Documents\Visual Studio 2012\Projects\cpabe\cpabe\Debug\zzn.obj
C:\Users\hoon\Documents\Visual Studio 2012\Projects\cpabe\cpabe\Debug\zzn12a.obj
C:\Users\hoon\Documents\Visual Studio 2012\Projects\cpabe\cpabe\Debug\zzn2.obj
C:\Users\hoon\Documents\Visual Studio 2012\Projects\cpabe\cpabe\Debug\zzn4.obj
C:\Users\hoon\Documents\Visual Studio 2012\Projects\cpabe\cpabe\Debug\cl.command.1.tlog
C:\Users\hoon\Documents\Visual Studio 2012\Projects\cpabe\cpabe\Debug\CL.read.1.tlog
C:\Users\hoon\Documents\Visual Studio 2012\Projects\cpabe\cpabe\Debug\CL.write.1.tlog
C:\Users\hoon\Documents\Visual Studio 2012\Projects\cpabe\cpabe\Debug\link-cvtres.read.1.tlog
C:\Users\hoon\Documents\Visual Studio 2012\Projects\cpabe\cpabe\Debug\link-cvtres.write.1.tlog
C:\Users\hoon\Documents\Visual Studio 2012\Projects\cpabe\cpabe\Debug\link-rc.read.1.tlog
C:\Users\hoon\Documents\Visual Studio 2012\Projects\cpabe\cpabe\Debug\link-rc.write.1.tlog
C:\Users\hoon\Documents\Visual Studio 2012\Projects\cpabe\cpabe\Debug\link.command.1.tlog
C:\Users\hoon\Documents\Visual Studio 2012\Projects\cpabe\cpabe\Debug\link.read.1.tlog
C:\Users\hoon\Documents\Visual Studio 2012\Projects\cpabe\cpabe\Debug\link.write.1.tlog
C:\Users\hoon\Documents\Visual Studio 2012\Projects\cpabe\cpabe\Debug\vc110.idb
C:\Users\hoon\Documents\Visual Studio 2012\Projects\cpabe\cpabe\Debug\vc110.pdb
C:\Users\hoon\Documents\Visual Studio 2012\Projects\cpabe\Debug\cpabe.pdb
C:\Users\hoon\Documents\Visual Studio 2012\Projects\cpabe\Debug\cpabe.exe
C:\Users\hoon\Documents\Visual Studio 2012\Projects\cpabe\Debug\cpabe.ilk
