C:\USERS\HOON\DOCUMENTS\VISUAL STUDIO 2012\PROJECTS\MIRACL\MIRACL\DEBUG\MRMONTY.OBJ
C:\USERS\HOON\DOCUMENTS\VISUAL STUDIO 2012\PROJECTS\MIRACL\MIRACL\DEBUG\MRMULDV.OBJ
C:\USERS\HOON\DOCUMENTS\VISUAL STUDIO 2012\PROJECTS\MIRACL\MIRACL\DEBUG\MRPI.OBJ
C:\USERS\HOON\DOCUMENTS\VISUAL STUDIO 2012\PROJECTS\MIRACL\MIRACL\DEBUG\MRPOWER.OBJ
C:\USERS\HOON\DOCUMENTS\VISUAL STUDIO 2012\PROJECTS\MIRACL\MIRACL\DEBUG\MRPRIME.OBJ
C:\USERS\HOON\DOCUMENTS\VISUAL STUDIO 2012\PROJECTS\MIRACL\MIRACL\DEBUG\MRRAND.OBJ
C:\USERS\HOON\DOCUMENTS\VISUAL STUDIO 2012\PROJECTS\MIRACL\MIRACL\DEBUG\MRROUND.OBJ
C:\USERS\HOON\DOCUMENTS\VISUAL STUDIO 2012\PROJECTS\MIRACL\MIRACL\DEBUG\MRSCRT.OBJ
C:\USERS\HOON\DOCUMENTS\VISUAL STUDIO 2012\PROJECTS\MIRACL\MIRACL\DEBUG\MRSHA3.OBJ
C:\USERS\HOON\DOCUMENTS\VISUAL STUDIO 2012\PROJECTS\MIRACL\MIRACL\DEBUG\MRSHS.OBJ
C:\USERS\HOON\DOCUMENTS\VISUAL STUDIO 2012\PROJECTS\MIRACL\MIRACL\DEBUG\MRSHS256.OBJ
C:\USERS\HOON\DOCUMENTS\VISUAL STUDIO 2012\PROJECTS\MIRACL\MIRACL\DEBUG\MRSHS512.OBJ
C:\USERS\HOON\DOCUMENTS\VISUAL STUDIO 2012\PROJECTS\MIRACL\MIRACL\DEBUG\MRSMALL.OBJ
C:\USERS\HOON\DOCUMENTS\VISUAL STUDIO 2012\PROJECTS\MIRACL\MIRACL\DEBUG\MRSROOT.OBJ
C:\USERS\HOON\DOCUMENTS\VISUAL STUDIO 2012\PROJECTS\MIRACL\MIRACL\DEBUG\MRSTRONG.OBJ
C:\USERS\HOON\DOCUMENTS\VISUAL STUDIO 2012\PROJECTS\MIRACL\MIRACL\DEBUG\MRXGCD.OBJ
C:\USERS\HOON\DOCUMENTS\VISUAL STUDIO 2012\PROJECTS\MIRACL\MIRACL\DEBUG\MRZZN2.OBJ
C:\USERS\HOON\DOCUMENTS\VISUAL STUDIO 2012\PROJECTS\MIRACL\MIRACL\DEBUG\MRZZN2B.OBJ
C:\USERS\HOON\DOCUMENTS\VISUAL STUDIO 2012\PROJECTS\MIRACL\MIRACL\DEBUG\MRZZN3.OBJ
C:\USERS\HOON\DOCUMENTS\VISUAL STUDIO 2012\PROJECTS\MIRACL\MIRACL\DEBUG\MRZZN4.OBJ
C:\USERS\HOON\DOCUMENTS\VISUAL STUDIO 2012\PROJECTS\MIRACL\MIRACL\DEBUG\MRCURVE.OBJ
C:\USERS\HOON\DOCUMENTS\VISUAL STUDIO 2012\PROJECTS\MIRACL\MIRACL\DEBUG\MRDOUBLE.OBJ
C:\USERS\HOON\DOCUMENTS\VISUAL STUDIO 2012\PROJECTS\MIRACL\MIRACL\DEBUG\MREBRICK.OBJ
C:\USERS\HOON\DOCUMENTS\VISUAL STUDIO 2012\PROJECTS\MIRACL\MIRACL\DEBUG\MREC2M.OBJ
C:\USERS\HOON\DOCUMENTS\VISUAL STUDIO 2012\PROJECTS\MIRACL\MIRACL\DEBUG\MRECN2.OBJ
C:\USERS\HOON\DOCUMENTS\VISUAL STUDIO 2012\PROJECTS\MIRACL\MIRACL\DEBUG\MRFAST.OBJ
C:\USERS\HOON\DOCUMENTS\VISUAL STUDIO 2012\PROJECTS\MIRACL\MIRACL\DEBUG\MRFLASH.OBJ
C:\USERS\HOON\DOCUMENTS\VISUAL STUDIO 2012\PROJECTS\MIRACL\MIRACL\DEBUG\MRFLSH1.OBJ
C:\USERS\HOON\DOCUMENTS\VISUAL STUDIO 2012\PROJECTS\MIRACL\MIRACL\DEBUG\MRFLSH2.OBJ
C:\USERS\HOON\DOCUMENTS\VISUAL STUDIO 2012\PROJECTS\MIRACL\MIRACL\DEBUG\MRFLSH3.OBJ
C:\USERS\HOON\DOCUMENTS\VISUAL STUDIO 2012\PROJECTS\MIRACL\MIRACL\DEBUG\MRFLSH4.OBJ
C:\USERS\HOON\DOCUMENTS\VISUAL STUDIO 2012\PROJECTS\MIRACL\MIRACL\DEBUG\MRFPE.OBJ
C:\USERS\HOON\DOCUMENTS\VISUAL STUDIO 2012\PROJECTS\MIRACL\MIRACL\DEBUG\MRFRND.OBJ
C:\USERS\HOON\DOCUMENTS\VISUAL STUDIO 2012\PROJECTS\MIRACL\MIRACL\DEBUG\MRGCD.OBJ
C:\USERS\HOON\DOCUMENTS\VISUAL STUDIO 2012\PROJECTS\MIRACL\MIRACL\DEBUG\MRGCM.OBJ
C:\USERS\HOON\DOCUMENTS\VISUAL STUDIO 2012\PROJECTS\MIRACL\MIRACL\DEBUG\MRGF2M.OBJ
C:\USERS\HOON\DOCUMENTS\VISUAL STUDIO 2012\PROJECTS\MIRACL\MIRACL\DEBUG\MRIO1.OBJ
C:\USERS\HOON\DOCUMENTS\VISUAL STUDIO 2012\PROJECTS\MIRACL\MIRACL\DEBUG\MRIO2.OBJ
C:\USERS\HOON\DOCUMENTS\VISUAL STUDIO 2012\PROJECTS\MIRACL\MIRACL\DEBUG\MRJACK.OBJ
C:\USERS\HOON\DOCUMENTS\VISUAL STUDIO 2012\PROJECTS\MIRACL\MIRACL\DEBUG\MRLUCAS.OBJ
C:\USERS\HOON\DOCUMENTS\VISUAL STUDIO 2012\PROJECTS\MIRACL\MIRACL\DEBUG\MR87F.OBJ
C:\USERS\HOON\DOCUMENTS\VISUAL STUDIO 2012\PROJECTS\MIRACL\MIRACL\DEBUG\MR87V.OBJ
C:\USERS\HOON\DOCUMENTS\VISUAL STUDIO 2012\PROJECTS\MIRACL\MIRACL\DEBUG\MRAES.OBJ
C:\USERS\HOON\DOCUMENTS\VISUAL STUDIO 2012\PROJECTS\MIRACL\MIRACL\DEBUG\MRALLOC.OBJ
C:\USERS\HOON\DOCUMENTS\VISUAL STUDIO 2012\PROJECTS\MIRACL\MIRACL\DEBUG\MRARTH0.OBJ
C:\USERS\HOON\DOCUMENTS\VISUAL STUDIO 2012\PROJECTS\MIRACL\MIRACL\DEBUG\MRARTH1.OBJ
C:\USERS\HOON\DOCUMENTS\VISUAL STUDIO 2012\PROJECTS\MIRACL\MIRACL\DEBUG\MRARTH2.OBJ
C:\USERS\HOON\DOCUMENTS\VISUAL STUDIO 2012\PROJECTS\MIRACL\MIRACL\DEBUG\MRARTH3.OBJ
C:\USERS\HOON\DOCUMENTS\VISUAL STUDIO 2012\PROJECTS\MIRACL\MIRACL\DEBUG\MRBITS.OBJ
C:\USERS\HOON\DOCUMENTS\VISUAL STUDIO 2012\PROJECTS\MIRACL\MIRACL\DEBUG\MRBRICK.OBJ
C:\USERS\HOON\DOCUMENTS\VISUAL STUDIO 2012\PROJECTS\MIRACL\MIRACL\DEBUG\MRBUILD.OBJ
C:\USERS\HOON\DOCUMENTS\VISUAL STUDIO 2012\PROJECTS\MIRACL\MIRACL\DEBUG\MRCORE.OBJ
C:\USERS\HOON\DOCUMENTS\VISUAL STUDIO 2012\PROJECTS\MIRACL\MIRACL\DEBUG\MRCRT.OBJ
C:\USERS\HOON\DOCUMENTS\VISUAL STUDIO 2012\PROJECTS\MIRACL\MIRACL\DEBUG\VC110.PDB
C:\USERS\HOON\DOCUMENTS\VISUAL STUDIO 2012\PROJECTS\MIRACL\DEBUG\MIRACL.LIB
C:\Users\hoon\Documents\Visual Studio 2012\Projects\miracl\miracl\Debug\mr87f.obj
C:\Users\hoon\Documents\Visual Studio 2012\Projects\miracl\miracl\Debug\mr87v.obj
C:\Users\hoon\Documents\Visual Studio 2012\Projects\miracl\miracl\Debug\mraes.obj
C:\Users\hoon\Documents\Visual Studio 2012\Projects\miracl\miracl\Debug\mralloc.obj
C:\Users\hoon\Documents\Visual Studio 2012\Projects\miracl\miracl\Debug\mrarth0.obj
C:\Users\hoon\Documents\Visual Studio 2012\Projects\miracl\miracl\Debug\mrarth1.obj
C:\Users\hoon\Documents\Visual Studio 2012\Projects\miracl\miracl\Debug\mrarth2.obj
C:\Users\hoon\Documents\Visual Studio 2012\Projects\miracl\miracl\Debug\mrarth3.obj
C:\Users\hoon\Documents\Visual Studio 2012\Projects\miracl\miracl\Debug\mrbits.obj
C:\Users\hoon\Documents\Visual Studio 2012\Projects\miracl\miracl\Debug\mrbrick.obj
C:\Users\hoon\Documents\Visual Studio 2012\Projects\miracl\miracl\Debug\mrbuild.obj
C:\Users\hoon\Documents\Visual Studio 2012\Projects\miracl\miracl\Debug\mrcore.obj
C:\Users\hoon\Documents\Visual Studio 2012\Projects\miracl\miracl\Debug\mrcrt.obj
C:\Users\hoon\Documents\Visual Studio 2012\Projects\miracl\miracl\Debug\mrcurve.obj
C:\Users\hoon\Documents\Visual Studio 2012\Projects\miracl\miracl\Debug\mrdouble.obj
C:\Users\hoon\Documents\Visual Studio 2012\Projects\miracl\miracl\Debug\mrebrick.obj
C:\Users\hoon\Documents\Visual Studio 2012\Projects\miracl\miracl\Debug\mrec2m.obj
C:\Users\hoon\Documents\Visual Studio 2012\Projects\miracl\miracl\Debug\mrecn2.obj
C:\Users\hoon\Documents\Visual Studio 2012\Projects\miracl\miracl\Debug\mrfast.obj
C:\Users\hoon\Documents\Visual Studio 2012\Projects\miracl\miracl\Debug\mrflash.obj
C:\Users\hoon\Documents\Visual Studio 2012\Projects\miracl\miracl\Debug\mrflsh1.obj
C:\Users\hoon\Documents\Visual Studio 2012\Projects\miracl\miracl\Debug\mrflsh2.obj
C:\Users\hoon\Documents\Visual Studio 2012\Projects\miracl\miracl\Debug\mrflsh3.obj
C:\Users\hoon\Documents\Visual Studio 2012\Projects\miracl\miracl\Debug\mrflsh4.obj
C:\Users\hoon\Documents\Visual Studio 2012\Projects\miracl\miracl\Debug\mrfpe.obj
C:\Users\hoon\Documents\Visual Studio 2012\Projects\miracl\miracl\Debug\mrfrnd.obj
C:\Users\hoon\Documents\Visual Studio 2012\Projects\miracl\miracl\Debug\mrgcd.obj
C:\Users\hoon\Documents\Visual Studio 2012\Projects\miracl\miracl\Debug\mrgcm.obj
C:\Users\hoon\Documents\Visual Studio 2012\Projects\miracl\miracl\Debug\mrgf2m.obj
C:\Users\hoon\Documents\Visual Studio 2012\Projects\miracl\miracl\Debug\mrio1.obj
C:\Users\hoon\Documents\Visual Studio 2012\Projects\miracl\miracl\Debug\mrio2.obj
C:\Users\hoon\Documents\Visual Studio 2012\Projects\miracl\miracl\Debug\mrjack.obj
C:\Users\hoon\Documents\Visual Studio 2012\Projects\miracl\miracl\Debug\mrlucas.obj
C:\Users\hoon\Documents\Visual Studio 2012\Projects\miracl\miracl\Debug\mrmonty.obj
C:\Users\hoon\Documents\Visual Studio 2012\Projects\miracl\miracl\Debug\mrmuldv.obj
C:\Users\hoon\Documents\Visual Studio 2012\Projects\miracl\miracl\Debug\mrpi.obj
C:\Users\hoon\Documents\Visual Studio 2012\Projects\miracl\miracl\Debug\mrpower.obj
C:\Users\hoon\Documents\Visual Studio 2012\Projects\miracl\miracl\Debug\mrprime.obj
C:\Users\hoon\Documents\Visual Studio 2012\Projects\miracl\miracl\Debug\mrrand.obj
C:\Users\hoon\Documents\Visual Studio 2012\Projects\miracl\miracl\Debug\mrround.obj
C:\Users\hoon\Documents\Visual Studio 2012\Projects\miracl\miracl\Debug\mrscrt.obj
C:\Users\hoon\Documents\Visual Studio 2012\Projects\miracl\miracl\Debug\mrsha3.obj
C:\Users\hoon\Documents\Visual Studio 2012\Projects\miracl\miracl\Debug\mrshs.obj
C:\Users\hoon\Documents\Visual Studio 2012\Projects\miracl\miracl\Debug\mrshs256.obj
C:\Users\hoon\Documents\Visual Studio 2012\Projects\miracl\miracl\Debug\mrshs512.obj
C:\Users\hoon\Documents\Visual Studio 2012\Projects\miracl\miracl\Debug\mrsmall.obj
C:\Users\hoon\Documents\Visual Studio 2012\Projects\miracl\miracl\Debug\mrsroot.obj
C:\Users\hoon\Documents\Visual Studio 2012\Projects\miracl\miracl\Debug\mrstrong.obj
C:\Users\hoon\Documents\Visual Studio 2012\Projects\miracl\miracl\Debug\mrxgcd.obj
C:\Users\hoon\Documents\Visual Studio 2012\Projects\miracl\miracl\Debug\mrzzn2.obj
C:\Users\hoon\Documents\Visual Studio 2012\Projects\miracl\miracl\Debug\mrzzn2b.obj
C:\Users\hoon\Documents\Visual Studio 2012\Projects\miracl\miracl\Debug\mrzzn3.obj
C:\Users\hoon\Documents\Visual Studio 2012\Projects\miracl\miracl\Debug\mrzzn4.obj
C:\Users\hoon\Documents\Visual Studio 2012\Projects\miracl\miracl\Debug\cl.command.1.tlog
C:\Users\hoon\Documents\Visual Studio 2012\Projects\miracl\miracl\Debug\CL.read.1.tlog
C:\Users\hoon\Documents\Visual Studio 2012\Projects\miracl\miracl\Debug\CL.write.1.tlog
C:\Users\hoon\Documents\Visual Studio 2012\Projects\miracl\miracl\Debug\Lib-link.read.1.tlog
C:\Users\hoon\Documents\Visual Studio 2012\Projects\miracl\miracl\Debug\Lib-link.write.1.tlog
C:\Users\hoon\Documents\Visual Studio 2012\Projects\miracl\miracl\Debug\lib.command.1.tlog
C:\Users\hoon\Documents\Visual Studio 2012\Projects\miracl\miracl\Debug\vc110.idb
C:\Users\hoon\Documents\Visual Studio 2012\Projects\miracl\miracl\Debug\vc110.pdb
C:\Users\hoon\Documents\Visual Studio 2012\Projects\miracl\Debug\miracl.lib
