C:\USERS\HOON\DOCUMENTS\VISUAL STUDIO 2012\PROJECTS\BF-IBE\BF-IBE\DEBUG\BIG.OBJ
C:\USERS\HOON\DOCUMENTS\VISUAL STUDIO 2012\PROJECTS\BF-IBE\BF-IBE\DEBUG\EC2.OBJ
C:\USERS\HOON\DOCUMENTS\VISUAL STUDIO 2012\PROJECTS\BF-IBE\BF-IBE\DEBUG\GF2M.OBJ
C:\USERS\HOON\DOCUMENTS\VISUAL STUDIO 2012\PROJECTS\BF-IBE\BF-IBE\DEBUG\GF2M4X.OBJ
C:\USERS\HOON\DOCUMENTS\VISUAL STUDIO 2012\PROJECTS\BF-IBE\BF-IBE\DEBUG\SS2_PAIR.OBJ
C:\USERS\HOON\DOCUMENTS\VISUAL STUDIO 2012\PROJECTS\BF-IBE\BF-IBE\DEBUG\BF-IBE.OBJ
C:\USERS\HOON\DOCUMENTS\VISUAL STUDIO 2012\PROJECTS\BF-IBE\BF-IBE\DEBUG\STDAFX.OBJ
C:\USERS\HOON\DOCUMENTS\VISUAL STUDIO 2012\PROJECTS\BF-IBE\BF-IBE\DEBUG\VC110.PDB
C:\USERS\HOON\DOCUMENTS\VISUAL STUDIO 2012\PROJECTS\BF-IBE\DEBUG\BF-IBE.ILK
C:\USERS\HOON\DOCUMENTS\VISUAL STUDIO 2012\PROJECTS\BF-IBE\DEBUG\BF-IBE.EXE
C:\USERS\HOON\DOCUMENTS\VISUAL STUDIO 2012\PROJECTS\BF-IBE\DEBUG\BF-IBE.PDB
C:\Users\hoon\Documents\Visual Studio 2012\Projects\BF-IBE\BF-IBE\Debug\BF-IBE.obj
C:\Users\hoon\Documents\Visual Studio 2012\Projects\BF-IBE\BF-IBE\Debug\big.obj
C:\Users\hoon\Documents\Visual Studio 2012\Projects\BF-IBE\BF-IBE\Debug\ec2.obj
C:\Users\hoon\Documents\Visual Studio 2012\Projects\BF-IBE\BF-IBE\Debug\gf2m.obj
C:\Users\hoon\Documents\Visual Studio 2012\Projects\BF-IBE\BF-IBE\Debug\gf2m4x.obj
C:\Users\hoon\Documents\Visual Studio 2012\Projects\BF-IBE\BF-IBE\Debug\ss2_pair.obj
C:\Users\hoon\Documents\Visual Studio 2012\Projects\BF-IBE\BF-IBE\Debug\stdafx.obj
C:\Users\hoon\Documents\Visual Studio 2012\Projects\BF-IBE\BF-IBE\Debug\cl.command.1.tlog
C:\Users\hoon\Documents\Visual Studio 2012\Projects\BF-IBE\BF-IBE\Debug\CL.read.1.tlog
C:\Users\hoon\Documents\Visual Studio 2012\Projects\BF-IBE\BF-IBE\Debug\CL.write.1.tlog
C:\Users\hoon\Documents\Visual Studio 2012\Projects\BF-IBE\BF-IBE\Debug\link-cvtres.read.1.tlog
C:\Users\hoon\Documents\Visual Studio 2012\Projects\BF-IBE\BF-IBE\Debug\link-cvtres.write.1.tlog
C:\Users\hoon\Documents\Visual Studio 2012\Projects\BF-IBE\BF-IBE\Debug\link-rc.read.1.tlog
C:\Users\hoon\Documents\Visual Studio 2012\Projects\BF-IBE\BF-IBE\Debug\link-rc.write.1.tlog
C:\Users\hoon\Documents\Visual Studio 2012\Projects\BF-IBE\BF-IBE\Debug\link.command.1.tlog
C:\Users\hoon\Documents\Visual Studio 2012\Projects\BF-IBE\BF-IBE\Debug\link.read.1.tlog
C:\Users\hoon\Documents\Visual Studio 2012\Projects\BF-IBE\BF-IBE\Debug\link.read.2.tlog
C:\Users\hoon\Documents\Visual Studio 2012\Projects\BF-IBE\BF-IBE\Debug\link.write.1.tlog
C:\Users\hoon\Documents\Visual Studio 2012\Projects\BF-IBE\BF-IBE\Debug\vc110.idb
C:\Users\hoon\Documents\Visual Studio 2012\Projects\BF-IBE\BF-IBE\Debug\vc110.pdb
C:\Users\hoon\Documents\Visual Studio 2012\Projects\BF-IBE\Debug\BF-IBE.pdb
C:\Users\hoon\Documents\Visual Studio 2012\Projects\BF-IBE\Debug\BF-IBE.exe
C:\Users\hoon\Documents\Visual Studio 2012\Projects\BF-IBE\Debug\BF-IBE.ilk
