C:\USERS\HOON\DOCUMENTS\VISUAL STUDIO 2012\PROJECTS\HIBE\HIBE\DEBUG\BIG.OBJ
C:\USERS\HOON\DOCUMENTS\VISUAL STUDIO 2012\PROJECTS\HIBE\HIBE\DEBUG\BN_PAIR.OBJ
C:\USERS\HOON\DOCUMENTS\VISUAL STUDIO 2012\PROJECTS\HIBE\HIBE\DEBUG\ECN.OBJ
C:\USERS\HOON\DOCUMENTS\VISUAL STUDIO 2012\PROJECTS\HIBE\HIBE\DEBUG\ECN2.OBJ
C:\USERS\HOON\DOCUMENTS\VISUAL STUDIO 2012\PROJECTS\HIBE\HIBE\DEBUG\HIBE.OBJ
C:\USERS\HOON\DOCUMENTS\VISUAL STUDIO 2012\PROJECTS\HIBE\HIBE\DEBUG\ZZN.OBJ
C:\USERS\HOON\DOCUMENTS\VISUAL STUDIO 2012\PROJECTS\HIBE\HIBE\DEBUG\ZZN12A.OBJ
C:\USERS\HOON\DOCUMENTS\VISUAL STUDIO 2012\PROJECTS\HIBE\HIBE\DEBUG\ZZN2.OBJ
C:\USERS\HOON\DOCUMENTS\VISUAL STUDIO 2012\PROJECTS\HIBE\HIBE\DEBUG\ZZN4.OBJ
C:\USERS\HOON\DOCUMENTS\VISUAL STUDIO 2012\PROJECTS\HIBE\HIBE\DEBUG\STDAFX.OBJ
C:\USERS\HOON\DOCUMENTS\VISUAL STUDIO 2012\PROJECTS\HIBE\HIBE\DEBUG\VC110.PDB
C:\USERS\HOON\DOCUMENTS\VISUAL STUDIO 2012\PROJECTS\HIBE\DEBUG\HIBE.ILK
C:\USERS\HOON\DOCUMENTS\VISUAL STUDIO 2012\PROJECTS\HIBE\DEBUG\HIBE.EXE
C:\USERS\HOON\DOCUMENTS\VISUAL STUDIO 2012\PROJECTS\HIBE\DEBUG\HIBE.PDB
C:\Users\hoon\Documents\Visual Studio 2012\Projects\hibe\hibe\Debug\big.obj
C:\Users\hoon\Documents\Visual Studio 2012\Projects\hibe\hibe\Debug\bn_pair.obj
C:\Users\hoon\Documents\Visual Studio 2012\Projects\hibe\hibe\Debug\ecn.obj
C:\Users\hoon\Documents\Visual Studio 2012\Projects\hibe\hibe\Debug\ecn2.obj
C:\Users\hoon\Documents\Visual Studio 2012\Projects\hibe\hibe\Debug\hibe.obj
C:\Users\hoon\Documents\Visual Studio 2012\Projects\hibe\hibe\Debug\stdafx.obj
C:\Users\hoon\Documents\Visual Studio 2012\Projects\hibe\hibe\Debug\zzn.obj
C:\Users\hoon\Documents\Visual Studio 2012\Projects\hibe\hibe\Debug\zzn12a.obj
C:\Users\hoon\Documents\Visual Studio 2012\Projects\hibe\hibe\Debug\zzn2.obj
C:\Users\hoon\Documents\Visual Studio 2012\Projects\hibe\hibe\Debug\zzn4.obj
C:\Users\hoon\Documents\Visual Studio 2012\Projects\hibe\hibe\Debug\cl.command.1.tlog
C:\Users\hoon\Documents\Visual Studio 2012\Projects\hibe\hibe\Debug\CL.read.1.tlog
C:\Users\hoon\Documents\Visual Studio 2012\Projects\hibe\hibe\Debug\CL.write.1.tlog
C:\Users\hoon\Documents\Visual Studio 2012\Projects\hibe\hibe\Debug\link-cvtres.read.1.tlog
C:\Users\hoon\Documents\Visual Studio 2012\Projects\hibe\hibe\Debug\link-cvtres.write.1.tlog
C:\Users\hoon\Documents\Visual Studio 2012\Projects\hibe\hibe\Debug\link-rc.read.1.tlog
C:\Users\hoon\Documents\Visual Studio 2012\Projects\hibe\hibe\Debug\link-rc.write.1.tlog
C:\Users\hoon\Documents\Visual Studio 2012\Projects\hibe\hibe\Debug\link.command.1.tlog
C:\Users\hoon\Documents\Visual Studio 2012\Projects\hibe\hibe\Debug\link.read.1.tlog
C:\Users\hoon\Documents\Visual Studio 2012\Projects\hibe\hibe\Debug\link.write.1.tlog
C:\Users\hoon\Documents\Visual Studio 2012\Projects\hibe\hibe\Debug\vc110.idb
C:\Users\hoon\Documents\Visual Studio 2012\Projects\hibe\hibe\Debug\vc110.pdb
C:\Users\hoon\Documents\Visual Studio 2012\Projects\hibe\Debug\hibe.pdb
C:\Users\hoon\Documents\Visual Studio 2012\Projects\hibe\Debug\hibe.exe
C:\Users\hoon\Documents\Visual Studio 2012\Projects\hibe\Debug\hibe.ilk
