C:\USERS\HOON\DOCUMENTS\VISUAL STUDIO 2012\PROJECTS\BE\BE\DEBUG\BIG.OBJ
C:\USERS\HOON\DOCUMENTS\VISUAL STUDIO 2012\PROJECTS\BE\BE\DEBUG\BN_PAIR.OBJ
C:\USERS\HOON\DOCUMENTS\VISUAL STUDIO 2012\PROJECTS\BE\BE\DEBUG\ECN.OBJ
C:\USERS\HOON\DOCUMENTS\VISUAL STUDIO 2012\PROJECTS\BE\BE\DEBUG\ECN2.OBJ
C:\USERS\HOON\DOCUMENTS\VISUAL STUDIO 2012\PROJECTS\BE\BE\DEBUG\ZZN.OBJ
C:\USERS\HOON\DOCUMENTS\VISUAL STUDIO 2012\PROJECTS\BE\BE\DEBUG\ZZN12A.OBJ
C:\USERS\HOON\DOCUMENTS\VISUAL STUDIO 2012\PROJECTS\BE\BE\DEBUG\ZZN2.OBJ
C:\USERS\HOON\DOCUMENTS\VISUAL STUDIO 2012\PROJECTS\BE\BE\DEBUG\ZZN4.OBJ
C:\USERS\HOON\DOCUMENTS\VISUAL STUDIO 2012\PROJECTS\BE\BE\DEBUG\BE.OBJ
C:\USERS\HOON\DOCUMENTS\VISUAL STUDIO 2012\PROJECTS\BE\BE\DEBUG\STDAFX.OBJ
C:\USERS\HOON\DOCUMENTS\VISUAL STUDIO 2012\PROJECTS\BE\BE\DEBUG\VC110.PDB
C:\USERS\HOON\DOCUMENTS\VISUAL STUDIO 2012\PROJECTS\BE\DEBUG\BE.ILK
C:\USERS\HOON\DOCUMENTS\VISUAL STUDIO 2012\PROJECTS\BE\DEBUG\BE.EXE
C:\USERS\HOON\DOCUMENTS\VISUAL STUDIO 2012\PROJECTS\BE\DEBUG\BE.PDB
C:\Users\hoon\Documents\Visual Studio 2012\Projects\BE\BE\Debug\BE.obj
C:\Users\hoon\Documents\Visual Studio 2012\Projects\BE\BE\Debug\big.obj
C:\Users\hoon\Documents\Visual Studio 2012\Projects\BE\BE\Debug\bn_pair.obj
C:\Users\hoon\Documents\Visual Studio 2012\Projects\BE\BE\Debug\ecn.obj
C:\Users\hoon\Documents\Visual Studio 2012\Projects\BE\BE\Debug\ecn2.obj
C:\Users\hoon\Documents\Visual Studio 2012\Projects\BE\BE\Debug\stdafx.obj
C:\Users\hoon\Documents\Visual Studio 2012\Projects\BE\BE\Debug\zzn.obj
C:\Users\hoon\Documents\Visual Studio 2012\Projects\BE\BE\Debug\zzn12a.obj
C:\Users\hoon\Documents\Visual Studio 2012\Projects\BE\BE\Debug\zzn2.obj
C:\Users\hoon\Documents\Visual Studio 2012\Projects\BE\BE\Debug\zzn4.obj
C:\Users\hoon\Documents\Visual Studio 2012\Projects\BE\BE\Debug\cl.command.1.tlog
C:\Users\hoon\Documents\Visual Studio 2012\Projects\BE\BE\Debug\CL.read.1.tlog
C:\Users\hoon\Documents\Visual Studio 2012\Projects\BE\BE\Debug\CL.write.1.tlog
C:\Users\hoon\Documents\Visual Studio 2012\Projects\BE\BE\Debug\link-cvtres.read.1.tlog
C:\Users\hoon\Documents\Visual Studio 2012\Projects\BE\BE\Debug\link-cvtres.write.1.tlog
C:\Users\hoon\Documents\Visual Studio 2012\Projects\BE\BE\Debug\link-rc.read.1.tlog
C:\Users\hoon\Documents\Visual Studio 2012\Projects\BE\BE\Debug\link-rc.write.1.tlog
C:\Users\hoon\Documents\Visual Studio 2012\Projects\BE\BE\Debug\link.13892-cvtres.read.1.tlog
C:\Users\hoon\Documents\Visual Studio 2012\Projects\BE\BE\Debug\link.13892-cvtres.write.1.tlog
C:\Users\hoon\Documents\Visual Studio 2012\Projects\BE\BE\Debug\link.13892-rc.read.1.tlog
C:\Users\hoon\Documents\Visual Studio 2012\Projects\BE\BE\Debug\link.13892-rc.write.1.tlog
C:\Users\hoon\Documents\Visual Studio 2012\Projects\BE\BE\Debug\link.13892.read.1.tlog
C:\Users\hoon\Documents\Visual Studio 2012\Projects\BE\BE\Debug\link.13892.read.2.tlog
C:\Users\hoon\Documents\Visual Studio 2012\Projects\BE\BE\Debug\link.13892.write.1.tlog
C:\Users\hoon\Documents\Visual Studio 2012\Projects\BE\BE\Debug\link.14524-cvtres.read.1.tlog
C:\Users\hoon\Documents\Visual Studio 2012\Projects\BE\BE\Debug\link.14524-cvtres.write.1.tlog
C:\Users\hoon\Documents\Visual Studio 2012\Projects\BE\BE\Debug\link.14524-rc.read.1.tlog
C:\Users\hoon\Documents\Visual Studio 2012\Projects\BE\BE\Debug\link.14524-rc.write.1.tlog
C:\Users\hoon\Documents\Visual Studio 2012\Projects\BE\BE\Debug\link.14524.read.1.tlog
C:\Users\hoon\Documents\Visual Studio 2012\Projects\BE\BE\Debug\link.14524.read.2.tlog
C:\Users\hoon\Documents\Visual Studio 2012\Projects\BE\BE\Debug\link.14524.write.1.tlog
C:\Users\hoon\Documents\Visual Studio 2012\Projects\BE\BE\Debug\link.16512-cvtres.read.1.tlog
C:\Users\hoon\Documents\Visual Studio 2012\Projects\BE\BE\Debug\link.16512-cvtres.write.1.tlog
C:\Users\hoon\Documents\Visual Studio 2012\Projects\BE\BE\Debug\link.16512-rc.read.1.tlog
C:\Users\hoon\Documents\Visual Studio 2012\Projects\BE\BE\Debug\link.16512-rc.write.1.tlog
C:\Users\hoon\Documents\Visual Studio 2012\Projects\BE\BE\Debug\link.16512.read.1.tlog
C:\Users\hoon\Documents\Visual Studio 2012\Projects\BE\BE\Debug\link.16512.read.2.tlog
C:\Users\hoon\Documents\Visual Studio 2012\Projects\BE\BE\Debug\link.16512.write.1.tlog
C:\Users\hoon\Documents\Visual Studio 2012\Projects\BE\BE\Debug\link.7488-cvtres.read.1.tlog
C:\Users\hoon\Documents\Visual Studio 2012\Projects\BE\BE\Debug\link.7488-cvtres.write.1.tlog
C:\Users\hoon\Documents\Visual Studio 2012\Projects\BE\BE\Debug\link.7488-rc.read.1.tlog
C:\Users\hoon\Documents\Visual Studio 2012\Projects\BE\BE\Debug\link.7488-rc.write.1.tlog
C:\Users\hoon\Documents\Visual Studio 2012\Projects\BE\BE\Debug\link.7488.read.1.tlog
C:\Users\hoon\Documents\Visual Studio 2012\Projects\BE\BE\Debug\link.7488.read.2.tlog
C:\Users\hoon\Documents\Visual Studio 2012\Projects\BE\BE\Debug\link.7488.write.1.tlog
C:\Users\hoon\Documents\Visual Studio 2012\Projects\BE\BE\Debug\link.command.1.tlog
C:\Users\hoon\Documents\Visual Studio 2012\Projects\BE\BE\Debug\link.read.1.tlog
C:\Users\hoon\Documents\Visual Studio 2012\Projects\BE\BE\Debug\link.read.2.tlog
C:\Users\hoon\Documents\Visual Studio 2012\Projects\BE\BE\Debug\link.write.1.tlog
C:\Users\hoon\Documents\Visual Studio 2012\Projects\BE\BE\Debug\vc110.idb
C:\Users\hoon\Documents\Visual Studio 2012\Projects\BE\BE\Debug\vc110.pdb
C:\Users\hoon\Documents\Visual Studio 2012\Projects\BE\Debug\BE.pdb
C:\Users\hoon\Documents\Visual Studio 2012\Projects\BE\Debug\BE.exe
C:\Users\hoon\Documents\Visual Studio 2012\Projects\BE\Debug\BE.ilk
