Build started 3/6/2019 2:06:33 PM.
     1>Project "C:\Users\hoon\Documents\Visual Studio 2012\Projects\BE\BE\BE.vcxproj" on node 2 (Build target(s)).
     1>ClCompile:
         C:\Program Files (x86)\Microsoft Visual Studio 11.0\VC\bin\CL.exe /c /ZI /nologo /W3 /WX- /sdl /Od /Oy- /D WIN32 /D _DEBUG /D _CONSOLE /D _UNICODE /D UNICODE /Gm /EHsc /RTC1 /MDd /GS /fp:precise /Zc:wchar_t /Zc:forScope /Fo"Debug\\" /Fd"Debug\vc110.pdb" /Gd /TP /analyze- /errorReport:prompt BE.cpp
         BE.cpp
     1>c:\users\hoon\documents\visual studio 2012\projects\be\be\be.cpp(81): warning C4018: '<=' : signed/unsigned mismatch
     1>c:\users\hoon\documents\visual studio 2012\projects\be\be\be.cpp(98): warning C4018: '<' : signed/unsigned mismatch
     1>c:\users\hoon\documents\visual studio 2012\projects\be\be\be.cpp(101): warning C4018: '<' : signed/unsigned mismatch
     1>c:\users\hoon\documents\visual studio 2012\projects\be\be\be.cpp(180): warning C4101: 'q' : unreferenced local variable
       Link:
         C:\Program Files (x86)\Microsoft Visual Studio 11.0\VC\bin\link.exe /ERRORREPORT:PROMPT /OUT:"C:\Users\hoon\Documents\Visual Studio 2012\Projects\BE\Debug\BE.exe" /INCREMENTAL /NOLOGO kernel32.lib user32.lib gdi32.lib winspool.lib comdlg32.lib advapi32.lib shell32.lib ole32.lib oleaut32.lib uuid.lib odbc32.lib odbccp32.lib /MANIFEST /MANIFESTUAC:"level='asInvoker' uiAccess='false'" /manifest:embed /DEBUG /PDB:"C:\Users\hoon\Documents\Visual Studio 2012\Projects\BE\Debug\BE.pdb" /SUBSYSTEM:CONSOLE /TLBID:1 /DYNAMICBASE /NXCOMPAT /IMPLIB:"C:\Users\hoon\Documents\Visual Studio 2012\Projects\BE\Debug\BE.lib" /MACHINE:X86 Debug\big.obj
         Debug\bn_pair.obj
         Debug\ecn.obj
         Debug\ecn2.obj
         Debug\zzn.obj
         Debug\zzn12a.obj
         Debug\zzn2.obj
         Debug\zzn4.obj
         Debug\BE.obj
         Debug\stdafx.obj
         ..\miracl.lib
         BE.vcxproj -> C:\Users\hoon\Documents\Visual Studio 2012\Projects\BE\Debug\BE.exe
     1>Done Building Project "C:\Users\hoon\Documents\Visual Studio 2012\Projects\BE\BE\BE.vcxproj" (Build target(s)).

Build succeeded.

Time Elapsed 00:00:02.22
